<?xml version="1.0" encoding="UTF-8"?>
<!-- Generated by org.testng.reporters.JUnitXMLReporter -->
<testsuite ignored="0" hostname="DESKTOP-T6230QL" failures="0" tests="4" name="Default test" time="20.167" errors="0" timestamp="2024-04-10T11:32:04 IST">
  <testcase classname="datadrivenTesting.PassData" name="bustest" time="4.374"/>
  <testcase classname="datadrivenTesting.PassData" name="bustest" time="2.276"/>
  <testcase classname="datadrivenTesting.PassData" name="bustest" time="2.113"/>
  <testcase classname="datadrivenTesting.PassData" name="bustest" time="1.718"/>
</testsuite> <!-- Default test -->
