<?xml version="1.0" encoding="UTF-8"?>
<testng-results ignored="0" total="4" passed="4" failed="0" skipped="0">
  <reporter-output>
  </reporter-output>
  <suite started-at="2024-04-10T11:31:44 IST" name="Default suite" finished-at="2024-04-10T11:32:04 IST" duration-ms="20167">
    <groups>
    </groups>
    <test started-at="2024-04-10T11:31:44 IST" name="Default test" finished-at="2024-04-10T11:32:04 IST" duration-ms="20167">
      <class name="datadrivenTesting.PassData">
        <test-method is-config="true" signature="setup()[pri:0, instance:datadrivenTesting.PassData@742ff096]" started-at="2024-04-10T11:31:44 IST" name="setup" finished-at="2024-04-10T11:31:50 IST" duration-ms="6267" status="PASS">
          <reporter-output>
          </reporter-output>
        </test-method> <!-- setup -->
        <test-method signature="bustest(java.lang.String,java.lang.String,java.lang.String)[pri:0, instance:datadrivenTesting.PassData@742ff096]" started-at="2024-04-10T11:31:53 IST" name="bustest" data-provider="getdata" finished-at="2024-04-10T11:31:58 IST" duration-ms="4374" status="PASS">
          <params>
            <param index="0">
              <value>
                <![CDATA[Mysuru]]>
              </value>
            </param>
            <param index="1">
              <value>
                <![CDATA[Bengaluru]]>
              </value>
            </param>
            <param index="2">
              <value>
                <![CDATA[15-09-2024]]>
              </value>
            </param>
          </params>
          <reporter-output>
          </reporter-output>
        </test-method> <!-- bustest -->
        <test-method signature="bustest(java.lang.String,java.lang.String,java.lang.String)[pri:0, instance:datadrivenTesting.PassData@742ff096]" started-at="2024-04-10T11:31:58 IST" name="bustest" data-provider="getdata" finished-at="2024-04-10T11:32:00 IST" duration-ms="2276" status="PASS">
          <params>
            <param index="0">
              <value>
                <![CDATA[Hyderabad]]>
              </value>
            </param>
            <param index="1">
              <value>
                <![CDATA[Bengaluru]]>
              </value>
            </param>
            <param index="2">
              <value>
                <![CDATA[02-10-2024]]>
              </value>
            </param>
          </params>
          <reporter-output>
          </reporter-output>
        </test-method> <!-- bustest -->
        <test-method signature="bustest(java.lang.String,java.lang.String,java.lang.String)[pri:0, instance:datadrivenTesting.PassData@742ff096]" started-at="2024-04-10T11:32:00 IST" name="bustest" data-provider="getdata" finished-at="2024-04-10T11:32:02 IST" duration-ms="2113" status="PASS">
          <params>
            <param index="0">
              <value>
                <![CDATA[Bengaluru]]>
              </value>
            </param>
            <param index="1">
              <value>
                <![CDATA[Goa]]>
              </value>
            </param>
            <param index="2">
              <value>
                <![CDATA[13-05-2024]]>
              </value>
            </param>
          </params>
          <reporter-output>
          </reporter-output>
        </test-method> <!-- bustest -->
        <test-method signature="bustest(java.lang.String,java.lang.String,java.lang.String)[pri:0, instance:datadrivenTesting.PassData@742ff096]" started-at="2024-04-10T11:32:02 IST" name="bustest" data-provider="getdata" finished-at="2024-04-10T11:32:04 IST" duration-ms="1718" status="PASS">
          <params>
            <param index="0">
              <value>
                <![CDATA[Pune]]>
              </value>
            </param>
            <param index="1">
              <value>
                <![CDATA[Shiradi]]>
              </value>
            </param>
            <param index="2">
              <value>
                <![CDATA[19-12-2024]]>
              </value>
            </param>
          </params>
          <reporter-output>
          </reporter-output>
        </test-method> <!-- bustest -->
        <test-method is-config="true" signature="teardown()[pri:0, instance:datadrivenTesting.PassData@742ff096]" started-at="2024-04-10T11:32:04 IST" name="teardown" finished-at="2024-04-10T11:32:04 IST" duration-ms="150" status="PASS">
          <reporter-output>
          </reporter-output>
        </test-method> <!-- teardown -->
      </class> <!-- datadrivenTesting.PassData -->
    </test> <!-- Default test -->
  </suite> <!-- Default suite -->
</testng-results>
